<?xml version="1.0" encoding="UTF-8"?>
<Site BuildName="(empty)"
	BuildStamp="20231102-1844-Experimental"
	Name="askv"
	Generator="ctest-3.16.3"
	CompilerName="/usr/bin/c++"
	CompilerVersion="9.4.0"
	OSName="Linux"
	Hostname="askv"
	OSRelease="5.15.0-88-generic"
	OSVersion="#98~20.04.1-Ubuntu SMP Mon Oct 9 16:43:45 UTC 2023"
	OSPlatform="x86_64"
	Is64Bits="1"
	VendorString="GenuineIntel"
	VendorID="Intel Corporation"
	FamilyID="6"
	ModelID="165"
	ProcessorCacheSize="8192"
	NumberOfLogicalCPU="8"
	NumberOfPhysicalCPU="4"
	TotalVirtualMemory="2047"
	TotalPhysicalMemory="15766"
	LogicalProcessorsPerPhysical="2"
	ProcessorClockFrequency="3914.56"
	>
	<Testing>
		<StartDateTime>Nov 02 15:24 EDT</StartDateTime>
		<StartTestTime>1698953047</StartTestTime>
		<TestList/>
		<EndDateTime>Nov 02 15:24 EDT</EndDateTime>
		<EndTestTime>1698953047</EndTestTime>
		<ElapsedMinutes>0</ElapsedMinutes>
	</Testing>
</Site>
